{"/Users/matthew/Documents/ldsChurch/xml-flow/lib/helper.js":{"path":"/Users/matthew/Documents/ldsChurch/xml-flow/lib/helper.js","s":{"1":1,"2":24,"3":24,"4":43,"5":15,"6":1,"7":14,"8":1,"9":14,"10":14,"11":28,"12":28,"13":9,"14":19,"15":11,"16":19,"17":19,"18":24,"19":21,"20":24,"21":1,"22":25,"23":25,"24":15,"25":10,"26":24,"27":10,"28":1,"29":46,"30":46,"31":46,"32":137,"33":137,"34":81,"35":0,"36":81,"37":46,"38":46,"39":20,"40":26,"41":5,"42":5,"43":46,"44":1,"45":25,"46":25,"47":35,"48":16,"49":19,"50":35,"51":2,"52":2,"53":33,"54":25,"55":1,"56":44,"57":31,"58":11,"59":20,"60":13,"61":6,"62":4,"63":2,"64":2,"65":7,"66":1,"67":6,"68":1,"69":14,"70":14,"71":13,"72":19,"73":13,"74":1,"75":1,"76":22,"77":22,"78":22,"79":66,"80":44,"81":22,"82":22,"83":29,"84":15,"85":14,"86":14,"87":13,"88":1,"89":14,"90":14,"91":14,"92":22,"93":1,"94":126,"95":4,"96":122,"97":1,"98":121,"99":32,"100":89,"101":1,"102":88},"b":{"1":[15,28],"2":[1,14],"3":[1,13],"4":[9,19],"5":[11,8],"6":[21,3],"7":[15,10],"8":[25,25],"9":[81,56],"10":[137,66,114],"11":[0,81],"12":[81,2],"13":[20,26],"14":[46,23],"15":[5,21],"16":[26,20],"17":[16,19],"18":[2,33],"19":[31,13],"20":[11,20],"21":[31,31,16,16],"22":[6,7],"23":[13,13,7],"24":[4,2],"25":[6,6,4],"26":[1,6],"27":[7,6,3],"28":[13,1],"29":[14,14,14],"30":[44,22],"31":[22,0],"32":[15,14],"33":[14,0],"34":[13,1],"35":[14,0],"36":[4,122],"37":[126,125],"38":[1,121],"39":[122,4],"40":[32,89],"41":[121,46],"42":[1,88],"43":[89,71]},"f":{"1":24,"2":43,"3":25,"4":46,"5":137,"6":25,"7":35,"8":44,"9":14,"10":19,"11":22,"12":29,"13":126},"fnMap":{"1":{"name":"(anonymous_1)","line":2,"loc":{"start":{"line":2,"column":24},"end":{"line":2,"column":40}}},"2":{"name":"(anonymous_2)","line":9,"loc":{"start":{"line":9,"column":18},"end":{"line":9,"column":33}}},"3":{"name":"shallowClone","line":33,"loc":{"start":{"line":33,"column":0},"end":{"line":33,"column":27}}},"4":{"name":"(anonymous_4)","line":40,"loc":{"start":{"line":40,"column":23},"end":{"line":40,"column":48}}},"5":{"name":"(anonymous_5)","line":47,"loc":{"start":{"line":47,"column":17},"end":{"line":47,"column":31}}},"6":{"name":"(anonymous_6)","line":68,"loc":{"start":{"line":68,"column":32},"end":{"line":68,"column":48}}},"7":{"name":"(anonymous_7)","line":73,"loc":{"start":{"line":73,"column":18},"end":{"line":73,"column":32}}},"8":{"name":"(anonymous_8)","line":89,"loc":{"start":{"line":89,"column":16},"end":{"line":89,"column":39}}},"9":{"name":"simplifyAll","line":112,"loc":{"start":{"line":112,"column":0},"end":{"line":112,"column":38}}},"10":{"name":"(anonymous_10)","line":115,"loc":{"start":{"line":115,"column":22},"end":{"line":115,"column":36}}},"11":{"name":"(anonymous_11)","line":123,"loc":{"start":{"line":123,"column":26},"end":{"line":123,"column":55}}},"12":{"name":"(anonymous_12)","line":137,"loc":{"start":{"line":137,"column":29},"end":{"line":137,"column":43}}},"13":{"name":"(anonymous_13)","line":156,"loc":{"start":{"line":156,"column":22},"end":{"line":156,"column":34}}}},"statementMap":{"1":{"start":{"line":2,"column":0},"end":{"line":31,"column":2}},"2":{"start":{"line":3,"column":4},"end":{"line":7,"column":5}},"3":{"start":{"line":9,"column":4},"end":{"line":28,"column":7}},"4":{"start":{"line":10,"column":8},"end":{"line":27,"column":9}},"5":{"start":{"line":11,"column":12},"end":{"line":17,"column":13}},"6":{"start":{"line":12,"column":16},"end":{"line":12,"column":45}},"7":{"start":{"line":14,"column":16},"end":{"line":14,"column":86}},"8":{"start":{"line":14,"column":51},"end":{"line":14,"column":85}},"9":{"start":{"line":15,"column":16},"end":{"line":15,"column":44}},"10":{"start":{"line":16,"column":16},"end":{"line":16,"column":37}},"11":{"start":{"line":19,"column":12},"end":{"line":19,"column":32}},"12":{"start":{"line":20,"column":12},"end":{"line":26,"column":13}},"13":{"start":{"line":21,"column":16},"end":{"line":21,"column":48}},"14":{"start":{"line":23,"column":16},"end":{"line":23,"column":86}},"15":{"start":{"line":23,"column":51},"end":{"line":23,"column":85}},"16":{"start":{"line":24,"column":16},"end":{"line":24,"column":46}},"17":{"start":{"line":25,"column":16},"end":{"line":25,"column":36}},"18":{"start":{"line":29,"column":4},"end":{"line":29,"column":74}},"19":{"start":{"line":29,"column":39},"end":{"line":29,"column":73}},"20":{"start":{"line":30,"column":4},"end":{"line":30,"column":18}},"21":{"start":{"line":33,"column":0},"end":{"line":38,"column":1}},"22":{"start":{"line":34,"column":4},"end":{"line":34,"column":25}},"23":{"start":{"line":35,"column":4},"end":{"line":35,"column":62}},"24":{"start":{"line":35,"column":50},"end":{"line":35,"column":61}},"25":{"start":{"line":36,"column":4},"end":{"line":36,"column":45}},"26":{"start":{"line":36,"column":21},"end":{"line":36,"column":44}},"27":{"start":{"line":37,"column":4},"end":{"line":37,"column":18}},"28":{"start":{"line":40,"column":0},"end":{"line":66,"column":2}},"29":{"start":{"line":41,"column":4},"end":{"line":43,"column":5}},"30":{"start":{"line":45,"column":4},"end":{"line":45,"column":26}},"31":{"start":{"line":47,"column":4},"end":{"line":56,"column":7}},"32":{"start":{"line":48,"column":8},"end":{"line":48,"column":30}},"33":{"start":{"line":49,"column":8},"end":{"line":55,"column":9}},"34":{"start":{"line":50,"column":12},"end":{"line":54,"column":13}},"35":{"start":{"line":51,"column":16},"end":{"line":51,"column":39}},"36":{"start":{"line":53,"column":16},"end":{"line":53,"column":36}},"37":{"start":{"line":58,"column":4},"end":{"line":58,"column":31}},"38":{"start":{"line":59,"column":4},"end":{"line":64,"column":5}},"39":{"start":{"line":60,"column":8},"end":{"line":60,"column":47}},"40":{"start":{"line":61,"column":11},"end":{"line":64,"column":5}},"41":{"start":{"line":62,"column":8},"end":{"line":62,"column":45}},"42":{"start":{"line":63,"column":8},"end":{"line":63,"column":34}},"43":{"start":{"line":65,"column":4},"end":{"line":65,"column":18}},"44":{"start":{"line":68,"column":0},"end":{"line":87,"column":2}},"45":{"start":{"line":69,"column":4},"end":{"line":72,"column":5}},"46":{"start":{"line":73,"column":4},"end":{"line":85,"column":7}},"47":{"start":{"line":74,"column":8},"end":{"line":78,"column":9}},"48":{"start":{"line":75,"column":12},"end":{"line":75,"column":33}},"49":{"start":{"line":77,"column":12},"end":{"line":77,"column":39}},"50":{"start":{"line":80,"column":8},"end":{"line":83,"column":9}},"51":{"start":{"line":81,"column":12},"end":{"line":81,"column":36}},"52":{"start":{"line":82,"column":12},"end":{"line":82,"column":25}},"53":{"start":{"line":84,"column":8},"end":{"line":84,"column":37}},"54":{"start":{"line":86,"column":4},"end":{"line":86,"column":27}},"55":{"start":{"line":89,"column":0},"end":{"line":110,"column":2}},"56":{"start":{"line":90,"column":4},"end":{"line":95,"column":5}},"57":{"start":{"line":91,"column":8},"end":{"line":93,"column":9}},"58":{"start":{"line":92,"column":12},"end":{"line":92,"column":28}},"59":{"start":{"line":94,"column":8},"end":{"line":94,"column":21}},"60":{"start":{"line":97,"column":4},"end":{"line":103,"column":5}},"61":{"start":{"line":98,"column":8},"end":{"line":100,"column":9}},"62":{"start":{"line":99,"column":12},"end":{"line":99,"column":39}},"63":{"start":{"line":101,"column":8},"end":{"line":101,"column":26}},"64":{"start":{"line":102,"column":8},"end":{"line":102,"column":21}},"65":{"start":{"line":105,"column":4},"end":{"line":107,"column":5}},"66":{"start":{"line":106,"column":8},"end":{"line":106,"column":37}},"67":{"start":{"line":109,"column":4},"end":{"line":109,"column":26}},"68":{"start":{"line":112,"column":0},"end":{"line":121,"column":1}},"69":{"start":{"line":113,"column":4},"end":{"line":113,"column":20}},"70":{"start":{"line":114,"column":4},"end":{"line":119,"column":5}},"71":{"start":{"line":115,"column":8},"end":{"line":117,"column":11}},"72":{"start":{"line":116,"column":12},"end":{"line":116,"column":62}},"73":{"start":{"line":118,"column":8},"end":{"line":118,"column":22}},"74":{"start":{"line":120,"column":4},"end":{"line":120,"column":49}},"75":{"start":{"line":123,"column":0},"end":{"line":154,"column":2}},"76":{"start":{"line":124,"column":4},"end":{"line":126,"column":5}},"77":{"start":{"line":128,"column":4},"end":{"line":128,"column":34}},"78":{"start":{"line":130,"column":4},"end":{"line":134,"column":5}},"79":{"start":{"line":131,"column":8},"end":{"line":133,"column":9}},"80":{"start":{"line":132,"column":12},"end":{"line":132,"column":36}},"81":{"start":{"line":136,"column":4},"end":{"line":152,"column":5}},"82":{"start":{"line":137,"column":8},"end":{"line":151,"column":11}},"83":{"start":{"line":138,"column":12},"end":{"line":150,"column":13}},"84":{"start":{"line":139,"column":16},"end":{"line":139,"column":65}},"85":{"start":{"line":140,"column":19},"end":{"line":150,"column":13}},"86":{"start":{"line":141,"column":16},"end":{"line":145,"column":17}},"87":{"start":{"line":142,"column":20},"end":{"line":142,"column":40}},"88":{"start":{"line":144,"column":20},"end":{"line":144,"column":37}},"89":{"start":{"line":146,"column":16},"end":{"line":148,"column":17}},"90":{"start":{"line":147,"column":20},"end":{"line":147,"column":51}},"91":{"start":{"line":149,"column":16},"end":{"line":149,"column":63}},"92":{"start":{"line":153,"column":4},"end":{"line":153,"column":18}},"93":{"start":{"line":156,"column":0},"end":{"line":174,"column":2}},"94":{"start":{"line":157,"column":4},"end":{"line":159,"column":5}},"95":{"start":{"line":158,"column":8},"end":{"line":158,"column":21}},"96":{"start":{"line":161,"column":4},"end":{"line":163,"column":5}},"97":{"start":{"line":162,"column":8},"end":{"line":162,"column":21}},"98":{"start":{"line":165,"column":4},"end":{"line":167,"column":5}},"99":{"start":{"line":166,"column":8},"end":{"line":166,"column":21}},"100":{"start":{"line":169,"column":4},"end":{"line":171,"column":5}},"101":{"start":{"line":170,"column":8},"end":{"line":170,"column":21}},"102":{"start":{"line":173,"column":4},"end":{"line":173,"column":16}}},"branchMap":{"1":{"line":10,"type":"if","locations":[{"start":{"line":10,"column":8},"end":{"line":10,"column":8}},{"start":{"line":10,"column":8},"end":{"line":10,"column":8}}]},"2":{"line":11,"type":"if","locations":[{"start":{"line":11,"column":12},"end":{"line":11,"column":12}},{"start":{"line":11,"column":12},"end":{"line":11,"column":12}}]},"3":{"line":14,"type":"if","locations":[{"start":{"line":14,"column":16},"end":{"line":14,"column":16}},{"start":{"line":14,"column":16},"end":{"line":14,"column":16}}]},"4":{"line":20,"type":"if","locations":[{"start":{"line":20,"column":12},"end":{"line":20,"column":12}},{"start":{"line":20,"column":12},"end":{"line":20,"column":12}}]},"5":{"line":23,"type":"if","locations":[{"start":{"line":23,"column":16},"end":{"line":23,"column":16}},{"start":{"line":23,"column":16},"end":{"line":23,"column":16}}]},"6":{"line":29,"type":"if","locations":[{"start":{"line":29,"column":4},"end":{"line":29,"column":4}},{"start":{"line":29,"column":4},"end":{"line":29,"column":4}}]},"7":{"line":35,"type":"if","locations":[{"start":{"line":35,"column":4},"end":{"line":35,"column":4}},{"start":{"line":35,"column":4},"end":{"line":35,"column":4}}]},"8":{"line":35,"type":"binary-expr","locations":[{"start":{"line":35,"column":8},"end":{"line":35,"column":20}},{"start":{"line":35,"column":24},"end":{"line":35,"column":47}}]},"9":{"line":49,"type":"if","locations":[{"start":{"line":49,"column":8},"end":{"line":49,"column":8}},{"start":{"line":49,"column":8},"end":{"line":49,"column":8}}]},"10":{"line":49,"type":"binary-expr","locations":[{"start":{"line":49,"column":12},"end":{"line":49,"column":21}},{"start":{"line":49,"column":25},"end":{"line":49,"column":40}},{"start":{"line":49,"column":45},"end":{"line":49,"column":71}}]},"11":{"line":50,"type":"if","locations":[{"start":{"line":50,"column":12},"end":{"line":50,"column":12}},{"start":{"line":50,"column":12},"end":{"line":50,"column":12}}]},"12":{"line":50,"type":"binary-expr","locations":[{"start":{"line":50,"column":15},"end":{"line":50,"column":42}},{"start":{"line":50,"column":46},"end":{"line":50,"column":64}}]},"13":{"line":59,"type":"if","locations":[{"start":{"line":59,"column":4},"end":{"line":59,"column":4}},{"start":{"line":59,"column":4},"end":{"line":59,"column":4}}]},"14":{"line":59,"type":"binary-expr","locations":[{"start":{"line":59,"column":7},"end":{"line":59,"column":15}},{"start":{"line":59,"column":19},"end":{"line":59,"column":36}}]},"15":{"line":61,"type":"if","locations":[{"start":{"line":61,"column":11},"end":{"line":61,"column":11}},{"start":{"line":61,"column":11},"end":{"line":61,"column":11}}]},"16":{"line":61,"type":"binary-expr","locations":[{"start":{"line":61,"column":14},"end":{"line":61,"column":31}},{"start":{"line":61,"column":35},"end":{"line":61,"column":66}}]},"17":{"line":74,"type":"if","locations":[{"start":{"line":74,"column":8},"end":{"line":74,"column":8}},{"start":{"line":74,"column":8},"end":{"line":74,"column":8}}]},"18":{"line":80,"type":"if","locations":[{"start":{"line":80,"column":8},"end":{"line":80,"column":8}},{"start":{"line":80,"column":8},"end":{"line":80,"column":8}}]},"19":{"line":90,"type":"if","locations":[{"start":{"line":90,"column":4},"end":{"line":90,"column":4}},{"start":{"line":90,"column":4},"end":{"line":90,"column":4}}]},"20":{"line":91,"type":"if","locations":[{"start":{"line":91,"column":8},"end":{"line":91,"column":8}},{"start":{"line":91,"column":8},"end":{"line":91,"column":8}}]},"21":{"line":91,"type":"binary-expr","locations":[{"start":{"line":91,"column":11},"end":{"line":91,"column":25}},{"start":{"line":91,"column":29},"end":{"line":91,"column":54}},{"start":{"line":91,"column":58},"end":{"line":91,"column":85}},{"start":{"line":91,"column":89},"end":{"line":91,"column":107}}]},"22":{"line":97,"type":"if","locations":[{"start":{"line":97,"column":4},"end":{"line":97,"column":4}},{"start":{"line":97,"column":4},"end":{"line":97,"column":4}}]},"23":{"line":97,"type":"binary-expr","locations":[{"start":{"line":97,"column":7},"end":{"line":97,"column":21}},{"start":{"line":97,"column":25},"end":{"line":97,"column":50}},{"start":{"line":97,"column":54},"end":{"line":97,"column":81}}]},"24":{"line":98,"type":"if","locations":[{"start":{"line":98,"column":8},"end":{"line":98,"column":8}},{"start":{"line":98,"column":8},"end":{"line":98,"column":8}}]},"25":{"line":98,"type":"binary-expr","locations":[{"start":{"line":98,"column":11},"end":{"line":98,"column":25}},{"start":{"line":98,"column":29},"end":{"line":98,"column":54}},{"start":{"line":98,"column":58},"end":{"line":98,"column":85}}]},"26":{"line":105,"type":"if","locations":[{"start":{"line":105,"column":4},"end":{"line":105,"column":4}},{"start":{"line":105,"column":4},"end":{"line":105,"column":4}}]},"27":{"line":105,"type":"binary-expr","locations":[{"start":{"line":105,"column":7},"end":{"line":105,"column":21}},{"start":{"line":105,"column":25},"end":{"line":105,"column":50}},{"start":{"line":105,"column":54},"end":{"line":105,"column":81}}]},"28":{"line":114,"type":"if","locations":[{"start":{"line":114,"column":4},"end":{"line":114,"column":4}},{"start":{"line":114,"column":4},"end":{"line":114,"column":4}}]},"29":{"line":114,"type":"binary-expr","locations":[{"start":{"line":114,"column":7},"end":{"line":114,"column":21}},{"start":{"line":114,"column":25},"end":{"line":114,"column":50}},{"start":{"line":114,"column":54},"end":{"line":114,"column":81}}]},"30":{"line":131,"type":"if","locations":[{"start":{"line":131,"column":8},"end":{"line":131,"column":8}},{"start":{"line":131,"column":8},"end":{"line":131,"column":8}}]},"31":{"line":136,"type":"if","locations":[{"start":{"line":136,"column":4},"end":{"line":136,"column":4}},{"start":{"line":136,"column":4},"end":{"line":136,"column":4}}]},"32":{"line":138,"type":"if","locations":[{"start":{"line":138,"column":12},"end":{"line":138,"column":12}},{"start":{"line":138,"column":12},"end":{"line":138,"column":12}}]},"33":{"line":140,"type":"if","locations":[{"start":{"line":140,"column":19},"end":{"line":140,"column":19}},{"start":{"line":140,"column":19},"end":{"line":140,"column":19}}]},"34":{"line":141,"type":"if","locations":[{"start":{"line":141,"column":16},"end":{"line":141,"column":16}},{"start":{"line":141,"column":16},"end":{"line":141,"column":16}}]},"35":{"line":146,"type":"if","locations":[{"start":{"line":146,"column":16},"end":{"line":146,"column":16}},{"start":{"line":146,"column":16},"end":{"line":146,"column":16}}]},"36":{"line":157,"type":"if","locations":[{"start":{"line":157,"column":4},"end":{"line":157,"column":4}},{"start":{"line":157,"column":4},"end":{"line":157,"column":4}}]},"37":{"line":157,"type":"binary-expr","locations":[{"start":{"line":157,"column":7},"end":{"line":157,"column":22}},{"start":{"line":157,"column":26},"end":{"line":157,"column":36}}]},"38":{"line":161,"type":"if","locations":[{"start":{"line":161,"column":4},"end":{"line":161,"column":4}},{"start":{"line":161,"column":4},"end":{"line":161,"column":4}}]},"39":{"line":161,"type":"binary-expr","locations":[{"start":{"line":161,"column":7},"end":{"line":161,"column":30}},{"start":{"line":161,"column":34},"end":{"line":161,"column":48}}]},"40":{"line":165,"type":"if","locations":[{"start":{"line":165,"column":4},"end":{"line":165,"column":4}},{"start":{"line":165,"column":4},"end":{"line":165,"column":4}}]},"41":{"line":165,"type":"binary-expr","locations":[{"start":{"line":165,"column":7},"end":{"line":165,"column":28}},{"start":{"line":165,"column":32},"end":{"line":165,"column":59}}]},"42":{"line":169,"type":"if","locations":[{"start":{"line":169,"column":4},"end":{"line":169,"column":4}},{"start":{"line":169,"column":4},"end":{"line":169,"column":4}}]},"43":{"line":169,"type":"binary-expr","locations":[{"start":{"line":169,"column":7},"end":{"line":169,"column":28}},{"start":{"line":169,"column":32},"end":{"line":169,"column":46}}]}}},"/Users/matthew/Documents/ldsChurch/xml-flow/lib/xml-flow.js":{"path":"/Users/matthew/Documents/ldsChurch/xml-flow/lib/xml-flow.js","s":{"1":1,"2":1,"3":5,"4":5,"5":5,"6":5,"7":5,"8":48,"9":28,"10":20,"11":20,"12":5,"13":27,"14":12,"15":5,"16":0,"17":0,"18":0,"19":5,"20":48,"21":48,"22":28,"23":20,"24":0,"25":20,"26":20,"27":20,"28":20,"29":20,"30":20,"31":20,"32":20,"33":15,"34":15,"35":20,"36":5,"37":5,"38":5,"39":5,"40":0,"41":5,"42":0,"43":5,"44":1,"45":1,"46":1},"b":{"1":[5,5],"2":[5,5],"3":[5,5],"4":[28,20],"5":[48,33],"6":[12,15],"7":[0,0],"8":[28,20],"9":[0,20],"10":[20,0],"11":[20,0],"12":[0,20],"13":[15,5]},"f":{"1":5,"2":48,"3":27,"4":0,"5":48,"6":5,"7":0,"8":0},"fnMap":{"1":{"name":"(anonymous_1)","line":10,"loc":{"start":{"line":10,"column":24},"end":{"line":10,"column":52}}},"2":{"name":"(anonymous_2)","line":21,"loc":{"start":{"line":21,"column":28},"end":{"line":21,"column":43}}},"3":{"name":"(anonymous_3)","line":35,"loc":{"start":{"line":35,"column":25},"end":{"line":35,"column":39}}},"4":{"name":"(anonymous_4)","line":41,"loc":{"start":{"line":41,"column":27},"end":{"line":41,"column":44}}},"5":{"name":"(anonymous_5)","line":49,"loc":{"start":{"line":49,"column":29},"end":{"line":49,"column":47}}},"6":{"name":"(anonymous_6)","line":83,"loc":{"start":{"line":83,"column":24},"end":{"line":83,"column":34}}},"7":{"name":"(anonymous_7)","line":89,"loc":{"start":{"line":89,"column":20},"end":{"line":89,"column":30}}},"8":{"name":"(anonymous_8)","line":93,"loc":{"start":{"line":93,"column":21},"end":{"line":93,"column":32}}}},"statementMap":{"1":{"start":{"line":1,"column":0},"end":{"line":5,"column":1}},"2":{"start":{"line":10,"column":0},"end":{"line":98,"column":2}},"3":{"start":{"line":11,"column":4},"end":{"line":15,"column":5}},"4":{"start":{"line":17,"column":4},"end":{"line":17,"column":28}},"5":{"start":{"line":18,"column":4},"end":{"line":18,"column":62}},"6":{"start":{"line":19,"column":4},"end":{"line":19,"column":63}},"7":{"start":{"line":21,"column":4},"end":{"line":33,"column":7}},"8":{"start":{"line":23,"column":8},"end":{"line":25,"column":9}},"9":{"start":{"line":24,"column":12},"end":{"line":24,"column":19}},"10":{"start":{"line":27,"column":8},"end":{"line":31,"column":10}},"11":{"start":{"line":32,"column":8},"end":{"line":32,"column":28}},"12":{"start":{"line":35,"column":4},"end":{"line":39,"column":7}},"13":{"start":{"line":36,"column":8},"end":{"line":38,"column":9}},"14":{"start":{"line":37,"column":12},"end":{"line":37,"column":39}},"15":{"start":{"line":41,"column":4},"end":{"line":47,"column":7}},"16":{"start":{"line":42,"column":8},"end":{"line":46,"column":9}},"17":{"start":{"line":43,"column":11},"end":{"line":43,"column":37}},"18":{"start":{"line":45,"column":12},"end":{"line":45,"column":37}},"19":{"start":{"line":49,"column":4},"end":{"line":81,"column":7}},"20":{"start":{"line":50,"column":8},"end":{"line":52,"column":9}},"21":{"start":{"line":55,"column":8},"end":{"line":55,"column":42}},"22":{"start":{"line":55,"column":33},"end":{"line":55,"column":40}},"23":{"start":{"line":58,"column":8},"end":{"line":66,"column":9}},"24":{"start":{"line":59,"column":12},"end":{"line":59,"column":54}},"25":{"start":{"line":60,"column":15},"end":{"line":66,"column":9}},"26":{"start":{"line":61,"column":12},"end":{"line":61,"column":63}},"27":{"start":{"line":62,"column":12},"end":{"line":65,"column":13}},"28":{"start":{"line":63,"column":16},"end":{"line":63,"column":45}},"29":{"start":{"line":64,"column":16},"end":{"line":64,"column":58}},"30":{"start":{"line":69,"column":8},"end":{"line":72,"column":10}},"31":{"start":{"line":75,"column":8},"end":{"line":75,"column":20}},"32":{"start":{"line":76,"column":8},"end":{"line":79,"column":9}},"33":{"start":{"line":77,"column":12},"end":{"line":77,"column":43}},"34":{"start":{"line":78,"column":12},"end":{"line":78,"column":41}},"35":{"start":{"line":80,"column":8},"end":{"line":80,"column":25}},"36":{"start":{"line":83,"column":4},"end":{"line":85,"column":7}},"37":{"start":{"line":84,"column":8},"end":{"line":84,"column":28}},"38":{"start":{"line":87,"column":4},"end":{"line":87,"column":29}},"39":{"start":{"line":89,"column":4},"end":{"line":91,"column":6}},"40":{"start":{"line":90,"column":8},"end":{"line":90,"column":25}},"41":{"start":{"line":93,"column":4},"end":{"line":95,"column":6}},"42":{"start":{"line":94,"column":8},"end":{"line":94,"column":26}},"43":{"start":{"line":97,"column":4},"end":{"line":97,"column":19}},"44":{"start":{"line":100,"column":0},"end":{"line":100,"column":16}},"45":{"start":{"line":101,"column":0},"end":{"line":101,"column":19}},"46":{"start":{"line":102,"column":0},"end":{"line":102,"column":16}}},"branchMap":{"1":{"line":17,"type":"binary-expr","locations":[{"start":{"line":17,"column":14},"end":{"line":17,"column":21}},{"start":{"line":17,"column":25},"end":{"line":17,"column":27}}]},"2":{"line":18,"type":"binary-expr","locations":[{"start":{"line":18,"column":29},"end":{"line":18,"column":43}},{"start":{"line":18,"column":47},"end":{"line":18,"column":61}}]},"3":{"line":19,"type":"binary-expr","locations":[{"start":{"line":19,"column":28},"end":{"line":19,"column":44}},{"start":{"line":19,"column":48},"end":{"line":19,"column":62}}]},"4":{"line":23,"type":"if","locations":[{"start":{"line":23,"column":8},"end":{"line":23,"column":8}},{"start":{"line":23,"column":8},"end":{"line":23,"column":8}}]},"5":{"line":23,"type":"binary-expr","locations":[{"start":{"line":23,"column":11},"end":{"line":23,"column":29}},{"start":{"line":23,"column":33},"end":{"line":23,"column":78}}]},"6":{"line":36,"type":"if","locations":[{"start":{"line":36,"column":8},"end":{"line":36,"column":8}},{"start":{"line":36,"column":8},"end":{"line":36,"column":8}}]},"7":{"line":42,"type":"if","locations":[{"start":{"line":42,"column":8},"end":{"line":42,"column":8}},{"start":{"line":42,"column":8},"end":{"line":42,"column":8}}]},"8":{"line":55,"type":"if","locations":[{"start":{"line":55,"column":8},"end":{"line":55,"column":8}},{"start":{"line":55,"column":8},"end":{"line":55,"column":8}}]},"9":{"line":58,"type":"if","locations":[{"start":{"line":58,"column":8},"end":{"line":58,"column":8}},{"start":{"line":58,"column":8},"end":{"line":58,"column":8}}]},"10":{"line":60,"type":"if","locations":[{"start":{"line":60,"column":15},"end":{"line":60,"column":15}},{"start":{"line":60,"column":15},"end":{"line":60,"column":15}}]},"11":{"line":62,"type":"if","locations":[{"start":{"line":62,"column":12},"end":{"line":62,"column":12}},{"start":{"line":62,"column":12},"end":{"line":62,"column":12}}]},"12":{"line":71,"type":"cond-expr","locations":[{"start":{"line":71,"column":53},"end":{"line":71,"column":60}},{"start":{"line":71,"column":63},"end":{"line":71,"column":91}}]},"13":{"line":76,"type":"if","locations":[{"start":{"line":76,"column":8},"end":{"line":76,"column":8}},{"start":{"line":76,"column":8},"end":{"line":76,"column":8}}]}}}}