SF:lib/helper.js
DA:2,1
DA:3,24
DA:9,24
DA:10,43
DA:11,15
DA:12,1
DA:14,14
DA:15,14
DA:16,14
DA:19,28
DA:20,28
DA:21,9
DA:23,19
DA:24,19
DA:25,19
DA:29,24
DA:30,24
DA:33,1
DA:34,25
DA:35,25
DA:36,10
DA:37,10
DA:40,1
DA:41,46
DA:45,46
DA:47,46
DA:48,137
DA:49,137
DA:50,81
DA:51,0
DA:53,81
DA:58,46
DA:59,46
DA:60,20
DA:61,26
DA:62,5
DA:63,5
DA:65,46
DA:68,1
DA:69,25
DA:73,25
DA:74,35
DA:75,16
DA:77,19
DA:80,35
DA:81,2
DA:82,2
DA:84,33
DA:86,25
DA:89,1
DA:90,44
DA:91,31
DA:92,11
DA:94,20
DA:97,13
DA:98,6
DA:99,4
DA:101,2
DA:102,2
DA:105,7
DA:106,1
DA:109,6
DA:112,1
DA:113,14
DA:114,14
DA:115,13
DA:116,19
DA:118,13
DA:120,1
DA:123,1
DA:124,22
DA:128,22
DA:130,22
DA:131,66
DA:132,44
DA:136,22
DA:137,22
DA:138,29
DA:139,15
DA:140,14
DA:141,14
DA:142,13
DA:144,1
DA:146,14
DA:147,14
DA:149,14
DA:153,22
DA:156,1
DA:157,126
DA:158,4
DA:161,122
DA:162,1
DA:165,121
DA:166,32
DA:169,89
DA:170,1
DA:173,88
end_of_record
SF:lib/xml-flow.js
DA:1,1
DA:10,1
DA:11,5
DA:17,5
DA:18,5
DA:19,5
DA:21,5
DA:23,48
DA:24,28
DA:27,20
DA:32,20
DA:35,5
DA:36,27
DA:37,12
DA:41,5
DA:42,0
DA:43,0
DA:45,0
DA:49,5
DA:50,48
DA:55,48
DA:58,20
DA:59,0
DA:60,20
DA:61,20
DA:62,20
DA:63,20
DA:64,20
DA:69,20
DA:75,20
DA:76,20
DA:77,15
DA:78,15
DA:80,20
DA:83,5
DA:84,5
DA:87,5
DA:89,5
DA:90,0
DA:93,5
DA:94,0
DA:97,5
DA:100,1
DA:101,1
DA:102,1
end_of_record
