TN:
SF:/Users/matthew/Documents/ldsChurch/xml-flow/lib/helper.js
FN:2,(anonymous_1)
FN:9,(anonymous_2)
FN:33,shallowClone
FN:40,(anonymous_4)
FN:47,(anonymous_5)
FN:68,(anonymous_6)
FN:73,(anonymous_7)
FN:89,(anonymous_8)
FN:112,simplifyAll
FN:115,(anonymous_10)
FN:123,(anonymous_11)
FN:137,(anonymous_12)
FN:156,(anonymous_13)
FNF:13
FNH:13
FNDA:24,(anonymous_1)
FNDA:43,(anonymous_2)
FNDA:25,shallowClone
FNDA:46,(anonymous_4)
FNDA:137,(anonymous_5)
FNDA:25,(anonymous_6)
FNDA:35,(anonymous_7)
FNDA:44,(anonymous_8)
FNDA:14,simplifyAll
FNDA:19,(anonymous_10)
FNDA:22,(anonymous_11)
FNDA:29,(anonymous_12)
FNDA:126,(anonymous_13)
DA:2,1
DA:3,24
DA:9,24
DA:10,43
DA:11,15
DA:12,1
DA:14,14
DA:15,14
DA:16,14
DA:19,28
DA:20,28
DA:21,9
DA:23,19
DA:24,19
DA:25,19
DA:29,24
DA:30,24
DA:33,1
DA:34,25
DA:35,25
DA:36,24
DA:37,10
DA:40,1
DA:41,46
DA:45,46
DA:47,46
DA:48,137
DA:49,137
DA:50,81
DA:51,0
DA:53,81
DA:58,46
DA:59,46
DA:60,20
DA:61,26
DA:62,5
DA:63,5
DA:65,46
DA:68,1
DA:69,25
DA:73,25
DA:74,35
DA:75,16
DA:77,19
DA:80,35
DA:81,2
DA:82,2
DA:84,33
DA:86,25
DA:89,1
DA:90,44
DA:91,31
DA:92,11
DA:94,20
DA:97,13
DA:98,6
DA:99,4
DA:101,2
DA:102,2
DA:105,7
DA:106,1
DA:109,6
DA:112,1
DA:113,14
DA:114,14
DA:115,13
DA:116,19
DA:118,13
DA:120,1
DA:123,1
DA:124,22
DA:128,22
DA:130,22
DA:131,66
DA:132,44
DA:136,22
DA:137,22
DA:138,29
DA:139,15
DA:140,14
DA:141,14
DA:142,13
DA:144,1
DA:146,14
DA:147,14
DA:149,14
DA:153,22
DA:156,1
DA:157,126
DA:158,4
DA:161,122
DA:162,1
DA:165,121
DA:166,32
DA:169,89
DA:170,1
DA:173,88
LF:97
LH:96
BRDA:10,1,0,15
BRDA:10,1,1,28
BRDA:11,2,0,1
BRDA:11,2,1,14
BRDA:14,3,0,1
BRDA:14,3,1,13
BRDA:20,4,0,9
BRDA:20,4,1,19
BRDA:23,5,0,11
BRDA:23,5,1,8
BRDA:29,6,0,21
BRDA:29,6,1,3
BRDA:35,7,0,15
BRDA:35,7,1,10
BRDA:35,8,0,25
BRDA:35,8,1,25
BRDA:49,9,0,81
BRDA:49,9,1,56
BRDA:49,10,0,137
BRDA:49,10,1,66
BRDA:49,10,2,114
BRDA:50,11,0,0
BRDA:50,11,1,81
BRDA:50,12,0,81
BRDA:50,12,1,2
BRDA:59,13,0,20
BRDA:59,13,1,26
BRDA:59,14,0,46
BRDA:59,14,1,23
BRDA:61,15,0,5
BRDA:61,15,1,21
BRDA:61,16,0,26
BRDA:61,16,1,20
BRDA:74,17,0,16
BRDA:74,17,1,19
BRDA:80,18,0,2
BRDA:80,18,1,33
BRDA:90,19,0,31
BRDA:90,19,1,13
BRDA:91,20,0,11
BRDA:91,20,1,20
BRDA:91,21,0,31
BRDA:91,21,1,31
BRDA:91,21,2,16
BRDA:91,21,3,16
BRDA:97,22,0,6
BRDA:97,22,1,7
BRDA:97,23,0,13
BRDA:97,23,1,13
BRDA:97,23,2,7
BRDA:98,24,0,4
BRDA:98,24,1,2
BRDA:98,25,0,6
BRDA:98,25,1,6
BRDA:98,25,2,4
BRDA:105,26,0,1
BRDA:105,26,1,6
BRDA:105,27,0,7
BRDA:105,27,1,6
BRDA:105,27,2,3
BRDA:114,28,0,13
BRDA:114,28,1,1
BRDA:114,29,0,14
BRDA:114,29,1,14
BRDA:114,29,2,14
BRDA:131,30,0,44
BRDA:131,30,1,22
BRDA:136,31,0,22
BRDA:136,31,1,0
BRDA:138,32,0,15
BRDA:138,32,1,14
BRDA:140,33,0,14
BRDA:140,33,1,0
BRDA:141,34,0,13
BRDA:141,34,1,1
BRDA:146,35,0,14
BRDA:146,35,1,0
BRDA:157,36,0,4
BRDA:157,36,1,122
BRDA:157,37,0,126
BRDA:157,37,1,125
BRDA:161,38,0,1
BRDA:161,38,1,121
BRDA:161,39,0,122
BRDA:161,39,1,4
BRDA:165,40,0,32
BRDA:165,40,1,89
BRDA:165,41,0,121
BRDA:165,41,1,46
BRDA:169,42,0,1
BRDA:169,42,1,88
BRDA:169,43,0,89
BRDA:169,43,1,71
BRF:93
BRH:89
end_of_record
TN:
SF:/Users/matthew/Documents/ldsChurch/xml-flow/lib/xml-flow.js
FN:10,(anonymous_1)
FN:21,(anonymous_2)
FN:35,(anonymous_3)
FN:41,(anonymous_4)
FN:49,(anonymous_5)
FN:83,(anonymous_6)
FN:89,(anonymous_7)
FN:93,(anonymous_8)
FNF:8
FNH:5
FNDA:5,(anonymous_1)
FNDA:48,(anonymous_2)
FNDA:27,(anonymous_3)
FNDA:0,(anonymous_4)
FNDA:48,(anonymous_5)
FNDA:5,(anonymous_6)
FNDA:0,(anonymous_7)
FNDA:0,(anonymous_8)
DA:1,1
DA:10,1
DA:11,5
DA:17,5
DA:18,5
DA:19,5
DA:21,5
DA:23,48
DA:24,28
DA:27,20
DA:32,20
DA:35,5
DA:36,27
DA:37,12
DA:41,5
DA:42,0
DA:43,0
DA:45,0
DA:49,5
DA:50,48
DA:55,48
DA:58,20
DA:59,0
DA:60,20
DA:61,20
DA:62,20
DA:63,20
DA:64,20
DA:69,20
DA:75,20
DA:76,20
DA:77,15
DA:78,15
DA:80,20
DA:83,5
DA:84,5
DA:87,5
DA:89,5
DA:90,0
DA:93,5
DA:94,0
DA:97,5
DA:100,1
DA:101,1
DA:102,1
LF:45
LH:39
BRDA:17,1,0,5
BRDA:17,1,1,5
BRDA:18,2,0,5
BRDA:18,2,1,5
BRDA:19,3,0,5
BRDA:19,3,1,5
BRDA:23,4,0,28
BRDA:23,4,1,20
BRDA:23,5,0,48
BRDA:23,5,1,33
BRDA:36,6,0,12
BRDA:36,6,1,15
BRDA:42,7,0,0
BRDA:42,7,1,0
BRDA:55,8,0,28
BRDA:55,8,1,20
BRDA:58,9,0,0
BRDA:58,9,1,20
BRDA:60,10,0,20
BRDA:60,10,1,0
BRDA:62,11,0,20
BRDA:62,11,1,0
BRDA:71,12,0,0
BRDA:71,12,1,20
BRDA:76,13,0,15
BRDA:76,13,1,5
BRF:26
BRH:20
end_of_record
